<?xml version="1.0" encoding="UTF-8"?>
<coverage generated="1547193316100" clover="3.2.0">
  <project timestamp="1547193316101" name="All files">
    <metrics statements="22" coveredstatements="22" conditionals="6" coveredconditionals="5" methods="8" coveredmethods="8" elements="36" coveredelements="35" complexity="0" loc="22" ncloc="22" packages="1" files="1" classes="1">
      <file name="main.js" path="C:\Users\yuki.cheung\Documents\hub\test-case\scripts\main.js">
        <metrics statements="22" coveredstatements="22" conditionals="6" coveredconditionals="5" methods="8" coveredmethods="8"/>
        <line num="2" count="5" type="cond" truecount="2" falsecount="0"/>
        <line num="3" count="2" type="stmt"/>
        <line num="6" count="3" type="stmt"/>
        <line num="7" count="3" type="stmt"/>
        <line num="9" count="6" type="stmt"/>
        <line num="10" count="6" type="stmt"/>
        <line num="16" count="6" type="stmt"/>
        <line num="20" count="6" type="stmt"/>
        <line num="21" count="6" type="stmt"/>
        <line num="23" count="1" type="stmt"/>
        <line num="24" count="1" type="stmt"/>
        <line num="26" count="5" type="stmt"/>
        <line num="28" count="5" type="stmt"/>
        <line num="29" count="2" type="stmt"/>
        <line num="30" count="2" type="stmt"/>
        <line num="31" count="4" type="cond" truecount="2" falsecount="0"/>
        <line num="32" count="2" type="stmt"/>
        <line num="34" count="2" type="stmt"/>
        <line num="39" count="5" type="stmt"/>
        <line num="40" count="5" type="stmt"/>
        <line num="42" count="5" type="cond" truecount="1" falsecount="1"/>
        <line num="43" count="5" type="stmt"/>
      </file>
    </metrics>
  </project>
</coverage>
