{"C:\\Users\\yuki.cheung\\Documents\\hub\\test-case\\scripts\\main.js": {"path":"C:\\Users\\yuki.cheung\\Documents\\hub\\test-case\\scripts\\main.js","statementMap":{"0":{"start":{"line":2,"column":4},"end":{"line":4,"column":5}},"1":{"start":{"line":3,"column":8},"end":{"line":3,"column":21}},"2":{"start":{"line":6,"column":17},"end":{"line":6,"column":52}},"3":{"start":{"line":7,"column":4},"end":{"line":17,"column":6}},"4":{"start":{"line":9,"column":20},"end":{"line":9,"column":49}},"5":{"start":{"line":10,"column":8},"end":{"line":15,"column":10}},"6":{"start":{"line":16,"column":8},"end":{"line":16,"column":30}},"7":{"start":{"line":20,"column":16},"end":{"line":26,"column":92}},"8":{"start":{"line":20,"column":22},"end":{"line":26,"column":92}},"9":{"start":{"line":21,"column":21},"end":{"line":21,"column":31}},"10":{"start":{"line":23,"column":12},"end":{"line":23,"column":27}},"11":{"start":{"line":24,"column":12},"end":{"line":24,"column":24}},"12":{"start":{"line":26,"column":22},"end":{"line":26,"column":91}},"13":{"start":{"line":28,"column":20},"end":{"line":37,"column":1}},"14":{"start":{"line":29,"column":17},"end":{"line":29,"column":63}},"15":{"start":{"line":30,"column":4},"end":{"line":36,"column":6}},"16":{"start":{"line":31,"column":8},"end":{"line":35,"column":9}},"17":{"start":{"line":32,"column":12},"end":{"line":32,"column":42}},"18":{"start":{"line":34,"column":12},"end":{"line":34,"column":39}},"19":{"start":{"line":39,"column":0},"end":{"line":39,"column":10}},"20":{"start":{"line":40,"column":0},"end":{"line":40,"column":74}},"21":{"start":{"line":42,"column":0},"end":{"line":48,"column":1}},"22":{"start":{"line":43,"column":4},"end":{"line":47,"column":6}}},"fnMap":{"0":{"name":"setItems","decl":{"start":{"line":1,"column":9},"end":{"line":1,"column":17}},"loc":{"start":{"line":1,"column":24},"end":{"line":18,"column":1}},"line":1},"1":{"name":"(anonymous_1)","decl":{"start":{"line":7,"column":17},"end":{"line":7,"column":18}},"loc":{"start":{"line":7,"column":25},"end":{"line":17,"column":5}},"line":7},"2":{"name":"(anonymous_2)","decl":{"start":{"line":20,"column":16},"end":{"line":20,"column":17}},"loc":{"start":{"line":20,"column":22},"end":{"line":26,"column":92}},"line":20},"3":{"name":"(anonymous_3)","decl":{"start":{"line":21,"column":14},"end":{"line":21,"column":15}},"loc":{"start":{"line":21,"column":21},"end":{"line":21,"column":31}},"line":21},"4":{"name":"(anonymous_4)","decl":{"start":{"line":22,"column":14},"end":{"line":22,"column":15}},"loc":{"start":{"line":22,"column":22},"end":{"line":25,"column":9}},"line":22},"5":{"name":"(anonymous_5)","decl":{"start":{"line":26,"column":15},"end":{"line":26,"column":16}},"loc":{"start":{"line":26,"column":22},"end":{"line":26,"column":91}},"line":26},"6":{"name":"(anonymous_6)","decl":{"start":{"line":28,"column":20},"end":{"line":28,"column":21}},"loc":{"start":{"line":28,"column":26},"end":{"line":37,"column":1}},"line":28},"7":{"name":"(anonymous_7)","decl":{"start":{"line":30,"column":17},"end":{"line":30,"column":18}},"loc":{"start":{"line":30,"column":33},"end":{"line":36,"column":5}},"line":30}},"branchMap":{"0":{"loc":{"start":{"line":2,"column":4},"end":{"line":4,"column":5}},"type":"if","locations":[{"start":{"line":2,"column":4},"end":{"line":4,"column":5}},{"start":{"line":2,"column":4},"end":{"line":4,"column":5}}],"line":2},"1":{"loc":{"start":{"line":31,"column":8},"end":{"line":35,"column":9}},"type":"if","locations":[{"start":{"line":31,"column":8},"end":{"line":35,"column":9}},{"start":{"line":31,"column":8},"end":{"line":35,"column":9}}],"line":31},"2":{"loc":{"start":{"line":42,"column":0},"end":{"line":48,"column":1}},"type":"if","locations":[{"start":{"line":42,"column":0},"end":{"line":48,"column":1}},{"start":{"line":42,"column":0},"end":{"line":48,"column":1}}],"line":42}},"s":{"0":5,"1":2,"2":3,"3":3,"4":6,"5":6,"6":6,"7":5,"8":6,"9":6,"10":1,"11":1,"12":5,"13":5,"14":2,"15":2,"16":4,"17":2,"18":2,"19":5,"20":5,"21":5,"22":5},"f":{"0":5,"1":6,"2":6,"3":6,"4":1,"5":5,"6":2,"7":4},"b":{"0":[2,3],"1":[2,2],"2":[5,0]},"_coverageSchema":"332fd63041d2c1bcb487cc26dd0d5f7d97098a6c","hash":"5d45b15a3056f8f2f2441ec935bd94886d4cc706"}
}
