TN:
SF:C:\Users\yuki.cheung\Documents\hub\test-case\scripts\main.js
FN:1,setItems
FN:7,(anonymous_1)
FN:20,(anonymous_2)
FN:21,(anonymous_3)
FN:22,(anonymous_4)
FN:26,(anonymous_5)
FN:28,(anonymous_6)
FN:30,(anonymous_7)
FNF:8
FNH:8
FNDA:5,setItems
FNDA:6,(anonymous_1)
FNDA:6,(anonymous_2)
FNDA:6,(anonymous_3)
FNDA:1,(anonymous_4)
FNDA:5,(anonymous_5)
FNDA:2,(anonymous_6)
FNDA:4,(anonymous_7)
DA:2,5
DA:3,2
DA:6,3
DA:7,3
DA:9,6
DA:10,6
DA:16,6
DA:20,6
DA:21,6
DA:23,1
DA:24,1
DA:26,5
DA:28,5
DA:29,2
DA:30,2
DA:31,4
DA:32,2
DA:34,2
DA:39,5
DA:40,5
DA:42,5
DA:43,5
LF:22
LH:22
BRDA:2,0,0,2
BRDA:2,0,1,3
BRDA:31,1,0,2
BRDA:31,1,1,2
BRDA:42,2,0,5
BRDA:42,2,1,0
BRF:6
BRH:5
end_of_record
